C51 COMPILER V9.60.0.0   MAIN                                                              12/17/2019 18:10:06 PAGE 1   


C51 COMPILER V9.60.0.0, COMPILATION OF MODULE MAIN
OBJECT MODULE PLACED IN .\Objects\main.obj
COMPILER INVOKED BY: C:\Keil_v5\C51\BIN\C51.EXE main.c OPTIMIZE(8,SPEED) BROWSE DEBUG OBJECTEXTEND PRINT(.\Listings\main
                    -.lst) TABS(2) OBJECT(.\Objects\main.obj)

line level    source

   1          #include <reg51.h>
   2          
   3          #define LENGTH 17
   4          
   5          char code  input[LENGTH+1] = "This programmator";
   6          char xdata output[LENGTH+1];
   7          
   8          char i, j, temp;
   9          
  10          int main() 
  11          {
  12   1        for (i = 0; i < LENGTH + 1; i++)
  13   1        {
  14   2            *(output + i) = *(input + i);
  15   2        }
  16   1        for (i = 0; i < LENGTH - 1; i++)
  17   1        {
  18   2          for (j = i + 1; j <= LENGTH - 1; j++)
  19   2          {
  20   3            if (*(output + j) < *(output + i))
  21   3            {
  22   4              temp = *(output + i);
  23   4              *(output + i) = *(output + j);
  24   4              *(output + j) = temp;
  25   4            }
  26   3          }
  27   2        }
  28   1        return 0;
  29   1      }


MODULE INFORMATION:   STATIC OVERLAYABLE
   CODE SIZE        =    209    ----
   CONSTANT SIZE    =     18    ----
   XDATA SIZE       =     18    ----
   PDATA SIZE       =   ----    ----
   DATA SIZE        =      3    ----
   IDATA SIZE       =   ----    ----
   BIT SIZE         =   ----    ----
END OF MODULE INFORMATION.


C51 COMPILATION COMPLETE.  0 WARNING(S),  0 ERROR(S)
