C51 COMPILER V9.60.0.0   MAIN                                                              12/17/2019 16:54:08 PAGE 1   


C51 COMPILER V9.60.0.0, COMPILATION OF MODULE MAIN
OBJECT MODULE PLACED IN .\Objects\main.obj
COMPILER INVOKED BY: C:\Keil_v5\C51\BIN\C51.EXE main.c OPTIMIZE(8,SPEED) BROWSE DEBUG OBJECTEXTEND PRINT(.\Listings\main
                    -.lst) TABS(2) OBJECT(.\Objects\main.obj)

line level    source

   1          #include <reg51.h>
   2          
   3          int mul(char a, char b)
   4          {
   5   1        int r;
   6   1        char m, i, j;
   7   1        int s = 0;
   8   1        
   9   1        m = 0x80; // m = 1000 0000
  10   1      
  11   1        for(i = 1; i <= 8; i++) 
  12   1        {
  13   2          r = 0; // r = A*Bi*2^(-i)
  14   2          if ((b & m) != 0) // if Bi = 1
  15   2          { 
  16   3            r = a;
  17   3            r <<= 8;
  18   3            for (j = 0; j < i; j++) 
  19   3            {
  20   4              r = (r >> 1) & 0x7FFF; // R = A*2^(i)
  21   4            }
  22   3          }
  23   2          
  24   2          s = s + r; // Si+1 = Si + A*Bi*2^(-i)
  25   2          m = (m >> 1) & 0x7F;
  26   2        }
  27   1        return s;
  28   1      }
  29          
  30          void main() 
  31          {
  32   1        int s;
  33   1        char a, b;
  34   1        a = 0x18;
  35   1        b = 0x60;
  36   1        s = mul(a, b);
  37   1        while(1);
  38   1      }


MODULE INFORMATION:   STATIC OVERLAYABLE
   CODE SIZE        =    112    ----
   CONSTANT SIZE    =   ----    ----
   XDATA SIZE       =   ----    ----
   PDATA SIZE       =   ----    ----
   DATA SIZE        =   ----       4
   IDATA SIZE       =   ----    ----
   BIT SIZE         =   ----    ----
END OF MODULE INFORMATION.


C51 COMPILATION COMPLETE.  0 WARNING(S),  0 ERROR(S)
