C51 COMPILER V9.60.0.0   MAIN                                                              12/21/2019 12:27:23 PAGE 1   


C51 COMPILER V9.60.0.0, COMPILATION OF MODULE MAIN
OBJECT MODULE PLACED IN .\Objects\main.obj
COMPILER INVOKED BY: C:\Keil_v5\C51\BIN\C51.EXE main.c OPTIMIZE(8,SPEED) BROWSE DEBUG OBJECTEXTEND PRINT(.\Listings\main
                    -.lst) TABS(2) OBJECT(.\Objects\main.obj)

line level    source

   1          #include <reg51.h>
   2          #define KEY(row, col) ~((0x80 >> row) | (0x08 >> col))
   3          #define SC_1     KEY(0, 0)
   4          #define SC_2     KEY(0, 1)
   5          #define SC_3     KEY(0, 2)
   6          #define SC_4     KEY(0, 3)
   7          #define SC_5     KEY(1, 0)
   8          #define SC_6     KEY(1, 1)
   9          #define SC_7     KEY(1, 2)
  10          #define SC_8     KEY(1, 3)
  11          #define SC_9     KEY(2, 0)
  12          #define SC_0     KEY(2, 1)
  13          #define SC_DOT   KEY(2, 2)
  14          #define SC_MINUS   KEY(3, 0)
  15          #define SC_END   KEY(3, 3)
  16          
  17          char key, i, digit, result[7], isNegative;
  18          float number;
  19          int scale;  
  20          //-1,234e
  21          char code scancodes[]={SC_MINUS, SC_1, SC_DOT, SC_2, SC_3, SC_4, SC_END};
  22          
  23          
  24          
  25          
  26          void wait(int t)
  27          { 
  28   1        while(t--); 
  29   1      }
  30          
  31          char what(void);
  32          
  33          void scan() interrupt 2 //INT1
  34          { 
  35   1        wait(100);
  36   1        key = scancodes[i];
  37   1        what();
  38   1        wait(100);
  39   1      }
  40          
  41          int main ()
  42          { 
  43   1        number = 0;
  44   1        i = 0;
  45   1        scale = 0;
  46   1        
  47   1        IT1 = 1;
  48   1        EX1 = 1;
  49   1        EA = 1; //  interrupt type
  50   1        
  51   1        while (digit!='e'); //end of input
  52   1        while(1);
  53   1      }
  54          
C51 COMPILER V9.60.0.0   MAIN                                                              12/21/2019 12:27:23 PAGE 2   

  55          char what(void)
  56          { 
  57   1        switch (key)
  58   1        { 
  59   2          case SC_0:    digit = '0'; break;
  60   2          case SC_1:    digit = '1'; break;
  61   2          case SC_2:    digit = '2'; break;
  62   2          case SC_3:    digit = '3'; break;
  63   2          case SC_4:    digit = '4'; break;
  64   2          case SC_5:    digit = '5'; break;
  65   2          case SC_6:    digit = '6'; break;
  66   2          case SC_7:    digit = '7'; break;
  67   2          case SC_8:    digit = '8'; break;
  68   2          case SC_9:    digit = '9'; break;
  69   2          case SC_MINUS:  digit = '-'; break;
  70   2          case SC_DOT:    digit = ','; break;
  71   2          case SC_END:    digit = 'e'; break;
  72   2          default:    digit = 0xff; break;
  73   2        }
  74   1        switch(digit)
  75   1        {
  76   2          case ',':
  77   2            scale = 1;
  78   2            result[i++] = digit; 
  79   2            break;
  80   2          
  81   2          case '-':
  82   2            isNegative = 1;
  83   2            result[i++] = digit;
  84   2            break;
  85   2        
  86   2      
  87   2        
  88   2          case 'e':
  89   2            if(scale != 0) number /= scale; 
  90   2            if(isNegative) number = -number; 
  91   2            scale = 0;
  92   2            i = 0; 
  93   2            break;
  94   2          
  95   2          default:
  96   2            scale *= 10; 
  97   2            number = number * 10 + (digit & 0x0f);
  98   2            result[i++] = digit;
  99   2            break;
 100   2        }
 101   1        return digit; 
 102   1      }


MODULE INFORMATION:   STATIC OVERLAYABLE
   CODE SIZE        =    448    ----
   CONSTANT SIZE    =      7    ----
   XDATA SIZE       =   ----    ----
   PDATA SIZE       =   ----    ----
   DATA SIZE        =     17    ----
   IDATA SIZE       =   ----    ----
   BIT SIZE         =   ----    ----
END OF MODULE INFORMATION.


C51 COMPILATION COMPLETE.  0 WARNING(S),  0 ERROR(S)
